This is pdfTeX, Version 3.141592653-2.6-1.40.26 (TeX Live 2024) (preloaded format=pdflatex 2025.2.2)  13 SEP 2025 18:51
entering extended mode
 restricted \write18 enabled.
 file:line:error style messages enabled.
 %&-line parsing enabled.
**/Users/nterlemes/personal/thesis_unified/thesis-latex/main.tex
(/Users/nterlemes/personal/thesis_unified/thesis-latex/main.tex
LaTeX2e <2023-11-01> patch level 1
L3 programming layer <2024-02-20>
(./nick-thesis.cls
Document Class: nick-thesis 2019/6/9 1.0 LaTeX document class (Finik).
(/usr/local/texlive/2024/texmf-dist/tex/latex/base/ifthen.sty
Package: ifthen 2022/04/13 v1.1d Standard LaTeX ifthen package (DPC)
) (/usr/local/texlive/2024/texmf-dist/tex/latex/graphics/graphicx.sty
Package: graphicx 2021/09/16 v1.2d Enhanced LaTeX Graphics (DPC,SPQR)
 (/usr/local/texlive/2024/texmf-dist/tex/latex/graphics/keyval.sty
Package: keyval 2022/05/29 v1.15 key=value parser (DPC)
\KV@toks@=\toks17
) (/usr/local/texlive/2024/texmf-dist/tex/latex/graphics/graphics.sty
Package: graphics 2022/03/10 v1.4e Standard LaTeX Graphics (DPC,SPQR)
 (/usr/local/texlive/2024/texmf-dist/tex/latex/graphics/trig.sty
Package: trig 2021/08/11 v1.11 sin cos tan (DPC)
) (/usr/local/texlive/2024/texmf-dist/tex/latex/graphics-cfg/graphics.cfg
File: graphics.cfg 2016/06/04 v1.11 sample graphics configuration
)
Package graphics Info: Driver file: pdftex.def on input line 107.
 (/usr/local/texlive/2024/texmf-dist/tex/latex/graphics-def/pdftex.def
File: pdftex.def 2022/09/22 v1.2b Graphics/color driver for pdftex
))
\Gin@req@height=\dimen140
\Gin@req@width=\dimen141
) (/usr/local/texlive/2024/texmf-dist/tex/latex/amsmath/amsmath.sty
Package: amsmath 2023/05/13 v2.17o AMS math features
\@mathmargin=\skip48

For additional information on amsmath, use the `?' option.
(/usr/local/texlive/2024/texmf-dist/tex/latex/amsmath/amstext.sty
Package: amstext 2021/08/26 v2.01 AMS text
 (/usr/local/texlive/2024/texmf-dist/tex/latex/amsmath/amsgen.sty
File: amsgen.sty 1999/11/30 v2.0 generic functions
\@emptytoks=\toks18
\ex@=\dimen142
)) (/usr/local/texlive/2024/texmf-dist/tex/latex/amsmath/amsbsy.sty
Package: amsbsy 1999/11/29 v1.2d Bold Symbols
\pmbraise@=\dimen143
) (/usr/local/texlive/2024/texmf-dist/tex/latex/amsmath/amsopn.sty
Package: amsopn 2022/04/08 v2.04 operator names
)
\inf@bad=\count188
LaTeX Info: Redefining \frac on input line 234.
\uproot@=\count189
\leftroot@=\count190
LaTeX Info: Redefining \overline on input line 399.
LaTeX Info: Redefining \colon on input line 410.
\classnum@=\count191
\DOTSCASE@=\count192
LaTeX Info: Redefining \ldots on input line 496.
LaTeX Info: Redefining \dots on input line 499.
LaTeX Info: Redefining \cdots on input line 620.
\Mathstrutbox@=\box51
\strutbox@=\box52
LaTeX Info: Redefining \big on input line 722.
LaTeX Info: Redefining \Big on input line 723.
LaTeX Info: Redefining \bigg on input line 724.
LaTeX Info: Redefining \Bigg on input line 725.
\big@size=\dimen144
LaTeX Font Info:    Redeclaring font encoding OML on input line 743.
LaTeX Font Info:    Redeclaring font encoding OMS on input line 744.
\macc@depth=\count193
LaTeX Info: Redefining \bmod on input line 905.
LaTeX Info: Redefining \pmod on input line 910.
LaTeX Info: Redefining \smash on input line 940.
LaTeX Info: Redefining \relbar on input line 970.
LaTeX Info: Redefining \Relbar on input line 971.
\c@MaxMatrixCols=\count194
\dotsspace@=\muskip16
\c@parentequation=\count195
\dspbrk@lvl=\count196
\tag@help=\toks19
\row@=\count197
\column@=\count198
\maxfields@=\count199
\andhelp@=\toks20
\eqnshift@=\dimen145
\alignsep@=\dimen146
\tagshift@=\dimen147
\tagwidth@=\dimen148
\totwidth@=\dimen149
\lineht@=\dimen150
\@envbody=\toks21
\multlinegap=\skip49
\multlinetaggap=\skip50
\mathdisplay@stack=\toks22
LaTeX Info: Redefining \[ on input line 2953.
LaTeX Info: Redefining \] on input line 2954.
) (/usr/local/texlive/2024/texmf-dist/tex/latex/datetime/datetime.sty
Package: datetime 2015/03/20 v2.60 Date Time Package
 (/usr/local/texlive/2024/texmf-dist/tex/latex/etoolbox/etoolbox.sty
Package: etoolbox 2020/10/05 v2.5k e-TeX tools for LaTeX (JAW)
\etb@tempcnta=\count266
) (/usr/local/texlive/2024/texmf-dist/tex/latex/fmtcount/fmtcount.sty
Package: fmtcount 2020/01/30 v3.07
 (/usr/local/texlive/2024/texmf-dist/tex/latex/xkeyval/xkeyval.sty
Package: xkeyval 2022/06/16 v2.9 package option processing (HA)
 (/usr/local/texlive/2024/texmf-dist/tex/generic/xkeyval/xkeyval.tex (/usr/local/texlive/2024/texmf-dist/tex/generic/xkeyval/xkvutils.tex
\XKV@toks=\toks23
\XKV@tempa@toks=\toks24
)
\XKV@depth=\count267
File: xkeyval.tex 2014/12/03 v2.7a key=value parser (HA)
)) (/usr/local/texlive/2024/texmf-dist/tex/latex/fmtcount/fcprefix.sty
Package: fcprefix 2012/09/28
 (/usr/local/texlive/2024/texmf-dist/tex/latex/fmtcount/fcnumparser.sty
Package: fcnumparser 2017/06/15
\fc@digit@counter=\count268
))
\c@padzeroesN=\count269
\fc@tmpcatcode=\count270
 (/usr/local/texlive/2024/texmf-dist/tex/latex/fmtcount/fc-english.def
File: fc-english.def 2016/01/12
)
\@DT@modctr=\count271
\@ordinalctr=\count272
\@orgargctr=\count273
\@strctr=\count274
\@tmpstrctr=\count275
\@DT@loopN=\count276
\@DT@X=\count277
) (/usr/local/texlive/2024/texmf-dist/tex/latex/datetime/datetime-defaults.sty
Package: datetime-defaults 2013/09/10
)
\@day=\count278
\@month=\count279
\@year=\count280
\c@HOUR=\count281
\c@HOURXII=\count282
\c@MINUTE=\count283
\c@TOHOUR=\count284
\c@TOMINUTE=\count285
\c@SECOND=\count286
\currenthour=\count287
\currentminute=\count288
\currentsecond=\count289
Package datetime Info: No datetime.cfg file found, using default settings on input line 308.
 (/usr/local/texlive/2024/texmf-dist/tex/latex/datetime/dt-greek.def
File: dt-greek.def 2013/09/10
)
\@dtctr=\count290
\dayofyear=\count291
\dayofweek=\count292
\dt@a=\toks25
\dt@b=\toks26
) (/usr/local/texlive/2024/texmf-dist/tex/latex/fancyhdr/fancyhdr.sty
Package: fancyhdr 2022/11/09 v4.1 Extensive control of page headers and footers
\f@nch@headwidth=\skip51
\f@nch@O@elh=\skip52
\f@nch@O@erh=\skip53
\f@nch@O@olh=\skip54
\f@nch@O@orh=\skip55
\f@nch@O@elf=\skip56
\f@nch@O@erf=\skip57
\f@nch@O@olf=\skip58
\f@nch@O@orf=\skip59
) (/usr/local/texlive/2024/texmf-dist/tex/latex/base/book.cls
Document Class: book 2023/05/17 v1.4n Standard LaTeX document class
(/usr/local/texlive/2024/texmf-dist/tex/latex/base/bk12.clo
File: bk12.clo 2023/05/17 v1.4n Standard LaTeX file (size option)
)
\c@part=\count293
\c@chapter=\count294
\c@section=\count295
\c@subsection=\count296
\c@subsubsection=\count297
\c@paragraph=\count298
\c@subparagraph=\count299
\c@figure=\count300
\c@table=\count301
\abovecaptionskip=\skip60
\belowcaptionskip=\skip61
\bibindent=\dimen151
) (/usr/local/texlive/2024/texmf-dist/tex/latex/inconsolata/inconsolata.sty
Package: inconsolata 2019/05/17 v1.12
 `inconsolata-zi4' v1.12, 2019/05/17 Text macros for Inconsolata (msharpe) (/usr/local/texlive/2024/texmf-dist/tex/latex/base/textcomp.sty
Package: textcomp 2020/02/02 v2.0n Standard LaTeX package
)
\zifour@ocount=\count302
) (/usr/local/texlive/2024/texmf-dist/tex/generic/babel/babel.sty
Package: babel 2024/02/07 v24.2 The Babel package
\babel@savecnt=\count303
\U@D=\dimen152
\l@unhyphenated=\language89
 (/usr/local/texlive/2024/texmf-dist/tex/generic/babel/txtbabel.def)
\bbl@readstream=\read2
\bbl@dirlevel=\count304
 (/usr/local/texlive/2024/texmf-dist/tex/generic/babel-english/english.ldf
Language: english 2017/06/06 v3.3r English support from the babel system
Package babel Info: Hyphen rules for 'canadian' set to \l@english
(babel)             (\language0). Reported on input line 102.
Package babel Info: Hyphen rules for 'australian' set to \l@ukenglish
(babel)             (\language23). Reported on input line 105.
Package babel Info: Hyphen rules for 'newzealand' set to \l@ukenglish
(babel)             (\language23). Reported on input line 108.
) (/usr/local/texlive/2024/texmf-dist/tex/generic/babel-greek/greek.ldf
Language: greek 2023/10/13 1.15 Greek support for the babel system
\bbl@monogreek=\count305
\bbl@polygreek=\count306
\bbl@ancientgreek=\count307
 (/usr/local/texlive/2024/texmf-dist/tex/latex/greek-fontenc/lgrenc.def
File: lgrenc.def 2023-09-12 2.5 LGR Greek font encoding definitions
Now handling font encoding LGR ...
... processing UTF-8 mapping file for font encoding LGR
 (/usr/local/texlive/2024/texmf-dist/tex/latex/greek-inputenc/lgrenc.dfu
File: lgrenc.dfu 2023-03-21 1.9 UTF-8 support for Greek
   defining Unicode char U+00A8 (decimal 168)
   defining Unicode char U+00AB (decimal 171)
   defining Unicode char U+00AF (decimal 175)
   defining Unicode char U+00B4 (decimal 180)
   defining Unicode char U+00B7 (decimal 183)
   defining Unicode char U+00BB (decimal 187)
   defining Unicode char U+0259 (decimal 601)
   defining Unicode char U+02D8 (decimal 728)
   defining Unicode char U+0374 (decimal 884)
   defining Unicode char U+0375 (decimal 885)
   defining Unicode char U+037A (decimal 890)
   defining Unicode char U+037E (decimal 894)
   defining Unicode char U+0384 (decimal 900)
   defining Unicode char U+0385 (decimal 901)
   defining Unicode char U+0386 (decimal 902)
   defining Unicode char U+0387 (decimal 903)
   defining Unicode char U+0388 (decimal 904)
   defining Unicode char U+0389 (decimal 905)
   defining Unicode char U+038A (decimal 906)
   defining Unicode char U+038C (decimal 908)
   defining Unicode char U+038E (decimal 910)
   defining Unicode char U+038F (decimal 911)
   defining Unicode char U+0390 (decimal 912)
   defining Unicode char U+0391 (decimal 913)
   defining Unicode char U+0392 (decimal 914)
   defining Unicode char U+0393 (decimal 915)
   defining Unicode char U+0394 (decimal 916)
   defining Unicode char U+0395 (decimal 917)
   defining Unicode char U+0396 (decimal 918)
   defining Unicode char U+0397 (decimal 919)
   defining Unicode char U+0398 (decimal 920)
   defining Unicode char U+0399 (decimal 921)
   defining Unicode char U+039A (decimal 922)
   defining Unicode char U+039B (decimal 923)
   defining Unicode char U+039C (decimal 924)
   defining Unicode char U+039D (decimal 925)
   defining Unicode char U+039E (decimal 926)
   defining Unicode char U+039F (decimal 927)
   defining Unicode char U+03A0 (decimal 928)
   defining Unicode char U+03A1 (decimal 929)
   defining Unicode char U+03A3 (decimal 931)
   defining Unicode char U+03A4 (decimal 932)
   defining Unicode char U+03A5 (decimal 933)
   defining Unicode char U+03A6 (decimal 934)
   defining Unicode char U+03A7 (decimal 935)
   defining Unicode char U+03A8 (decimal 936)
   defining Unicode char U+03A9 (decimal 937)
   defining Unicode char U+03AA (decimal 938)
   defining Unicode char U+03AB (decimal 939)
   defining Unicode char U+03AC (decimal 940)
   defining Unicode char U+03AD (decimal 941)
   defining Unicode char U+03AE (decimal 942)
   defining Unicode char U+03AF (decimal 943)
   defining Unicode char U+03B0 (decimal 944)
   defining Unicode char U+03B1 (decimal 945)
   defining Unicode char U+03B2 (decimal 946)
   defining Unicode char U+03B3 (decimal 947)
   defining Unicode char U+03B4 (decimal 948)
   defining Unicode char U+03B5 (decimal 949)
   defining Unicode char U+03B6 (decimal 950)
   defining Unicode char U+03B7 (decimal 951)
   defining Unicode char U+03B8 (decimal 952)
   defining Unicode char U+03B9 (decimal 953)
   defining Unicode char U+03BA (decimal 954)
   defining Unicode char U+03BB (decimal 955)
   defining Unicode char U+03BC (decimal 956)
   defining Unicode char U+03BD (decimal 957)
   defining Unicode char U+03BE (decimal 958)
   defining Unicode char U+03BF (decimal 959)
   defining Unicode char U+03C0 (decimal 960)
   defining Unicode char U+03C1 (decimal 961)
   defining Unicode char U+03C2 (decimal 962)
   defining Unicode char U+03C3 (decimal 963)
   defining Unicode char U+03C4 (decimal 964)
   defining Unicode char U+03C5 (decimal 965)
   defining Unicode char U+03C6 (decimal 966)
   defining Unicode char U+03C7 (decimal 967)
   defining Unicode char U+03C8 (decimal 968)
   defining Unicode char U+03C9 (decimal 969)
   defining Unicode char U+03CA (decimal 970)
   defining Unicode char U+03CB (decimal 971)
   defining Unicode char U+03CC (decimal 972)
   defining Unicode char U+03CD (decimal 973)
   defining Unicode char U+03CE (decimal 974)
   defining Unicode char U+03D0 (decimal 976)
   defining Unicode char U+03D1 (decimal 977)
   defining Unicode char U+03D5 (decimal 981)
   defining Unicode char U+03D6 (decimal 982)
   defining Unicode char U+03D8 (decimal 984)
   defining Unicode char U+03D9 (decimal 985)
   defining Unicode char U+03DA (decimal 986)
   defining Unicode char U+03DB (decimal 987)
   defining Unicode char U+03DC (decimal 988)
   defining Unicode char U+03DD (decimal 989)
   defining Unicode char U+03DE (decimal 990)
   defining Unicode char U+03DF (decimal 991)
   defining Unicode char U+03E0 (decimal 992)
   defining Unicode char U+03E1 (decimal 993)
   defining Unicode char U+03F0 (decimal 1008)
   defining Unicode char U+03F1 (decimal 1009)
   defining Unicode char U+03F4 (decimal 1012)
   defining Unicode char U+03F5 (decimal 1013)
   defining Unicode char U+1F00 (decimal 7936)
   defining Unicode char U+1F01 (decimal 7937)
   defining Unicode char U+1F02 (decimal 7938)
   defining Unicode char U+1F03 (decimal 7939)
   defining Unicode char U+1F04 (decimal 7940)
   defining Unicode char U+1F05 (decimal 7941)
   defining Unicode char U+1F06 (decimal 7942)
   defining Unicode char U+1F07 (decimal 7943)
   defining Unicode char U+1F08 (decimal 7944)
   defining Unicode char U+1F09 (decimal 7945)
   defining Unicode char U+1F0A (decimal 7946)
   defining Unicode char U+1F0B (decimal 7947)
   defining Unicode char U+1F0C (decimal 7948)
   defining Unicode char U+1F0D (decimal 7949)
   defining Unicode char U+1F0E (decimal 7950)
   defining Unicode char U+1F0F (decimal 7951)
   defining Unicode char U+1F10 (decimal 7952)
   defining Unicode char U+1F11 (decimal 7953)
   defining Unicode char U+1F12 (decimal 7954)
   defining Unicode char U+1F13 (decimal 7955)
   defining Unicode char U+1F14 (decimal 7956)
   defining Unicode char U+1F15 (decimal 7957)
   defining Unicode char U+1F18 (decimal 7960)
   defining Unicode char U+1F19 (decimal 7961)
   defining Unicode char U+1F1A (decimal 7962)
   defining Unicode char U+1F1B (decimal 7963)
   defining Unicode char U+1F1C (decimal 7964)
   defining Unicode char U+1F1D (decimal 7965)
   defining Unicode char U+1F20 (decimal 7968)
   defining Unicode char U+1F21 (decimal 7969)
   defining Unicode char U+1F22 (decimal 7970)
   defining Unicode char U+1F23 (decimal 7971)
   defining Unicode char U+1F24 (decimal 7972)
   defining Unicode char U+1F25 (decimal 7973)
   defining Unicode char U+1F26 (decimal 7974)
   defining Unicode char U+1F27 (decimal 7975)
   defining Unicode char U+1F28 (decimal 7976)
   defining Unicode char U+1F29 (decimal 7977)
   defining Unicode char U+1F2A (decimal 7978)
   defining Unicode char U+1F2B (decimal 7979)
   defining Unicode char U+1F2C (decimal 7980)
   defining Unicode char U+1F2D (decimal 7981)
   defining Unicode char U+1F2E (decimal 7982)
   defining Unicode char U+1F2F (decimal 7983)
   defining Unicode char U+1F30 (decimal 7984)
   defining Unicode char U+1F31 (decimal 7985)
   defining Unicode char U+1F32 (decimal 7986)
   defining Unicode char U+1F33 (decimal 7987)
   defining Unicode char U+1F34 (decimal 7988)
   defining Unicode char U+1F35 (decimal 7989)
   defining Unicode char U+1F36 (decimal 7990)
   defining Unicode char U+1F37 (decimal 7991)
   defining Unicode char U+1F38 (decimal 7992)
   defining Unicode char U+1F39 (decimal 7993)
   defining Unicode char U+1F3A (decimal 7994)
   defining Unicode char U+1F3B (decimal 7995)
   defining Unicode char U+1F3C (decimal 7996)
   defining Unicode char U+1F3D (decimal 7997)
   defining Unicode char U+1F3E (decimal 7998)
   defining Unicode char U+1F3F (decimal 7999)
   defining Unicode char U+1F40 (decimal 8000)
   defining Unicode char U+1F41 (decimal 8001)
   defining Unicode char U+1F42 (decimal 8002)
   defining Unicode char U+1F43 (decimal 8003)
   defining Unicode char U+1F44 (decimal 8004)
   defining Unicode char U+1F45 (decimal 8005)
   defining Unicode char U+1F48 (decimal 8008)
   defining Unicode char U+1F49 (decimal 8009)
   defining Unicode char U+1F4A (decimal 8010)
   defining Unicode char U+1F4B (decimal 8011)
   defining Unicode char U+1F4C (decimal 8012)
   defining Unicode char U+1F4D (decimal 8013)
   defining Unicode char U+1F50 (decimal 8016)
   defining Unicode char U+1F51 (decimal 8017)
   defining Unicode char U+1F52 (decimal 8018)
   defining Unicode char U+1F53 (decimal 8019)
   defining Unicode char U+1F54 (decimal 8020)
   defining Unicode char U+1F55 (decimal 8021)
   defining Unicode char U+1F56 (decimal 8022)
   defining Unicode char U+1F57 (decimal 8023)
   defining Unicode char U+1F59 (decimal 8025)
   defining Unicode char U+1F5B (decimal 8027)
   defining Unicode char U+1F5D (decimal 8029)
   defining Unicode char U+1F5F (decimal 8031)
   defining Unicode char U+1F60 (decimal 8032)
   defining Unicode char U+1F61 (decimal 8033)
   defining Unicode char U+1F62 (decimal 8034)
   defining Unicode char U+1F63 (decimal 8035)
   defining Unicode char U+1F64 (decimal 8036)
   defining Unicode char U+1F65 (decimal 8037)
   defining Unicode char U+1F66 (decimal 8038)
   defining Unicode char U+1F67 (decimal 8039)
   defining Unicode char U+1F68 (decimal 8040)
   defining Unicode char U+1F69 (decimal 8041)
   defining Unicode char U+1F6A (decimal 8042)
   defining Unicode char U+1F6B (decimal 8043)
   defining Unicode char U+1F6C (decimal 8044)
   defining Unicode char U+1F6D (decimal 8045)
   defining Unicode char U+1F6E (decimal 8046)
   defining Unicode char U+1F6F (decimal 8047)
   defining Unicode char U+1F70 (decimal 8048)
   defining Unicode char U+1F71 (decimal 8049)
   defining Unicode char U+1F72 (decimal 8050)
   defining Unicode char U+1F73 (decimal 8051)
   defining Unicode char U+1F74 (decimal 8052)
   defining Unicode char U+1F75 (decimal 8053)
   defining Unicode char U+1F76 (decimal 8054)
   defining Unicode char U+1F77 (decimal 8055)
   defining Unicode char U+1F78 (decimal 8056)
   defining Unicode char U+1F79 (decimal 8057)
   defining Unicode char U+1F7A (decimal 8058)
   defining Unicode char U+1F7B (decimal 8059)
   defining Unicode char U+1F7C (decimal 8060)
   defining Unicode char U+1F7D (decimal 8061)
   defining Unicode char U+1F80 (decimal 8064)
   defining Unicode char U+1F81 (decimal 8065)
   defining Unicode char U+1F82 (decimal 8066)
   defining Unicode char U+1F83 (decimal 8067)
   defining Unicode char U+1F84 (decimal 8068)
   defining Unicode char U+1F85 (decimal 8069)
   defining Unicode char U+1F86 (decimal 8070)
   defining Unicode char U+1F87 (decimal 8071)
   defining Unicode char U+1F88 (decimal 8072)
   defining Unicode char U+1F89 (decimal 8073)
   defining Unicode char U+1F8A (decimal 8074)
   defining Unicode char U+1F8B (decimal 8075)
   defining Unicode char U+1F8C (decimal 8076)
   defining Unicode char U+1F8D (decimal 8077)
   defining Unicode char U+1F8E (decimal 8078)
   defining Unicode char U+1F8F (decimal 8079)
   defining Unicode char U+1F90 (decimal 8080)
   defining Unicode char U+1F91 (decimal 8081)
   defining Unicode char U+1F92 (decimal 8082)
   defining Unicode char U+1F93 (decimal 8083)
   defining Unicode char U+1F94 (decimal 8084)
   defining Unicode char U+1F95 (decimal 8085)
   defining Unicode char U+1F96 (decimal 8086)
   defining Unicode char U+1F97 (decimal 8087)
   defining Unicode char U+1F98 (decimal 8088)
   defining Unicode char U+1F99 (decimal 8089)
   defining Unicode char U+1F9A (decimal 8090)
   defining Unicode char U+1F9B (decimal 8091)
   defining Unicode char U+1F9C (decimal 8092)
   defining Unicode char U+1F9D (decimal 8093)
   defining Unicode char U+1F9E (decimal 8094)
   defining Unicode char U+1F9F (decimal 8095)
   defining Unicode char U+1FA0 (decimal 8096)
   defining Unicode char U+1FA1 (decimal 8097)
   defining Unicode char U+1FA2 (decimal 8098)
   defining Unicode char U+1FA3 (decimal 8099)
   defining Unicode char U+1FA4 (decimal 8100)
   defining Unicode char U+1FA5 (decimal 8101)
   defining Unicode char U+1FA6 (decimal 8102)
   defining Unicode char U+1FA7 (decimal 8103)
   defining Unicode char U+1FA8 (decimal 8104)
   defining Unicode char U+1FA9 (decimal 8105)
   defining Unicode char U+1FAA (decimal 8106)
   defining Unicode char U+1FAB (decimal 8107)
   defining Unicode char U+1FAC (decimal 8108)
   defining Unicode char U+1FAD (decimal 8109)
   defining Unicode char U+1FAE (decimal 8110)
   defining Unicode char U+1FAF (decimal 8111)
   defining Unicode char U+1FB0 (decimal 8112)
   defining Unicode char U+1FB1 (decimal 8113)
   defining Unicode char U+1FB2 (decimal 8114)
   defining Unicode char U+1FB3 (decimal 8115)
   defining Unicode char U+1FB4 (decimal 8116)
   defining Unicode char U+1FB6 (decimal 8118)
   defining Unicode char U+1FB7 (decimal 8119)
   defining Unicode char U+1FB8 (decimal 8120)
   defining Unicode char U+1FB9 (decimal 8121)
   defining Unicode char U+1FBA (decimal 8122)
   defining Unicode char U+1FBB (decimal 8123)
   defining Unicode char U+1FBC (decimal 8124)
   defining Unicode char U+1FBD (decimal 8125)
   defining Unicode char U+1FBE (decimal 8126)
   defining Unicode char U+1FBF (decimal 8127)
   defining Unicode char U+1FC0 (decimal 8128)
   defining Unicode char U+1FC1 (decimal 8129)
   defining Unicode char U+1FC2 (decimal 8130)
   defining Unicode char U+1FC3 (decimal 8131)
   defining Unicode char U+1FC4 (decimal 8132)
   defining Unicode char U+1FC6 (decimal 8134)
   defining Unicode char U+1FC7 (decimal 8135)
   defining Unicode char U+1FC8 (decimal 8136)
   defining Unicode char U+1FC9 (decimal 8137)
   defining Unicode char U+1FCA (decimal 8138)
   defining Unicode char U+1FCB (decimal 8139)
   defining Unicode char U+1FCC (decimal 8140)
   defining Unicode char U+1FCD (decimal 8141)
   defining Unicode char U+1FCE (decimal 8142)
   defining Unicode char U+1FCF (decimal 8143)
   defining Unicode char U+1FD0 (decimal 8144)
   defining Unicode char U+1FD1 (decimal 8145)
   defining Unicode char U+1FD2 (decimal 8146)
   defining Unicode char U+1FD3 (decimal 8147)
   defining Unicode char U+1FD6 (decimal 8150)
   defining Unicode char U+1FD7 (decimal 8151)
   defining Unicode char U+1FD8 (decimal 8152)
   defining Unicode char U+1FD9 (decimal 8153)
   defining Unicode char U+1FDA (decimal 8154)
   defining Unicode char U+1FDB (decimal 8155)
   defining Unicode char U+1FDD (decimal 8157)
   defining Unicode char U+1FDE (decimal 8158)
   defining Unicode char U+1FDF (decimal 8159)
   defining Unicode char U+1FE0 (decimal 8160)
   defining Unicode char U+1FE1 (decimal 8161)
   defining Unicode char U+1FE2 (decimal 8162)
   defining Unicode char U+1FE3 (decimal 8163)
   defining Unicode char U+1FE4 (decimal 8164)
   defining Unicode char U+1FE5 (decimal 8165)
   defining Unicode char U+1FE6 (decimal 8166)
   defining Unicode char U+1FE7 (decimal 8167)
   defining Unicode char U+1FE8 (decimal 8168)
   defining Unicode char U+1FE9 (decimal 8169)
   defining Unicode char U+1FEA (decimal 8170)
   defining Unicode char U+1FEB (decimal 8171)
   defining Unicode char U+1FEC (decimal 8172)
   defining Unicode char U+1FED (decimal 8173)
   defining Unicode char U+1FEE (decimal 8174)
   defining Unicode char U+1FEF (decimal 8175)
   defining Unicode char U+1FF2 (decimal 8178)
   defining Unicode char U+1FF3 (decimal 8179)
   defining Unicode char U+1FF4 (decimal 8180)
   defining Unicode char U+1FF6 (decimal 8182)
   defining Unicode char U+1FF7 (decimal 8183)
   defining Unicode char U+1FF8 (decimal 8184)
   defining Unicode char U+1FF9 (decimal 8185)
   defining Unicode char U+1FFA (decimal 8186)
   defining Unicode char U+1FFB (decimal 8187)
   defining Unicode char U+1FFC (decimal 8188)
   defining Unicode char U+1FFD (decimal 8189)
   defining Unicode char U+1FFE (decimal 8190)
   defining Unicode char U+2013 (decimal 8211)
   defining Unicode char U+2014 (decimal 8212)
   defining Unicode char U+2018 (decimal 8216)
   defining Unicode char U+2019 (decimal 8217)
   defining Unicode char U+201A (decimal 8218)
   defining Unicode char U+2030 (decimal 8240)
   defining Unicode char U+2039 (decimal 8249)
   defining Unicode char U+203A (decimal 8250)
   defining Unicode char U+20AC (decimal 8364)
   defining Unicode char U+2126 (decimal 8486)
   defining Unicode char U+10144 (decimal 65860)
   defining Unicode char U+10145 (decimal 65861)
   defining Unicode char U+10146 (decimal 65862)
   defining Unicode char U+10147 (decimal 65863)
) (/usr/local/texlive/2024/texmf-dist/tex/latex/greek-fontenc/greek-fontenc.def
File: greek-fontenc.def 2023-09-12 2.5 Common Greek font encoding definitions
)))) (/usr/local/texlive/2024/texmf-dist/tex/generic/babel/locale/el/babel-greek.tex
Package babel Info: Importing font and identification data for greek
(babel)             from babel-el.ini. Reported on input line 11.
) (/usr/local/texlive/2024/texmf-dist/tex/generic/babel/locale/en/babel-english.tex
Package babel Info: Importing font and identification data for english
(babel)             from babel-en.ini. Reported on input line 11.
) (/usr/local/texlive/2024/texmf-dist/tex/latex/base/inputenc.sty
Package: inputenc 2021/02/14 v1.3d Input encoding file
\inpenc@prehook=\toks27
\inpenc@posthook=\toks28
)) (/usr/local/texlive/2024/texmf-dist/tex/latex/graphics/epsfig.sty
Package: epsfig 2017/06/25 v1.7b (e)psfig emulation (SPQR)
\epsfxsize=\dimen153
\epsfysize=\dimen154
) (/usr/local/texlive/2024/texmf-dist/tex/latex/titlesec/titlesec.sty
Package: titlesec 2023/10/27 v2.16 Sectioning titles
\ttl@box=\box53
\beforetitleunit=\skip62
\aftertitleunit=\skip63
\ttl@plus=\dimen155
\ttl@minus=\dimen156
\ttl@toksa=\toks29
\titlewidth=\dimen157
\titlewidthlast=\dimen158
\titlewidthfirst=\dimen159
) (/usr/local/texlive/2024/texmf-dist/tex/latex/tools/indentfirst.sty
Package: indentfirst 2023/07/02 v1.03 Indent first paragraph (DPC)
) (/usr/local/texlive/2024/texmf-dist/tex/latex/tools/verbatim.sty
Package: verbatim 2023-11-06 v1.5v LaTeX2e package for verbatim enhancements
\every@verbatim=\toks30
\verbatim@line=\toks31
\verbatim@in@stream=\read3
) (/usr/local/texlive/2024/texmf-dist/tex/latex/caption/subcaption.sty
Package: subcaption 2023/07/28 v1.6b Sub-captions (AR)
 (/usr/local/texlive/2024/texmf-dist/tex/latex/caption/caption.sty
Package: caption 2023/08/05 v3.6o Customizing captions (AR)
 (/usr/local/texlive/2024/texmf-dist/tex/latex/caption/caption3.sty
Package: caption3 2023/07/31 v2.4d caption3 kernel (AR)
\caption@tempdima=\dimen160
\captionmargin=\dimen161
\caption@leftmargin=\dimen162
\caption@rightmargin=\dimen163
\caption@width=\dimen164
\caption@indent=\dimen165
\caption@parindent=\dimen166
\caption@hangindent=\dimen167
Package caption Info: Standard document class detected.
)
\c@caption@flags=\count308
\c@continuedfloat=\count309
)
Package caption Info: New subtype `subfigure' on input line 238.
\c@subfigure=\count310
Package caption Info: New subtype `subtable' on input line 238.
\c@subtable=\count311
) (/usr/local/texlive/2024/texmf-dist/tex/latex/amscls/amsthm.sty
Package: amsthm 2020/05/29 v2.20.6
\thm@style=\toks32
\thm@bodyfont=\toks33
\thm@headfont=\toks34
\thm@notefont=\toks35
\thm@headpunct=\toks36
\thm@preskip=\skip64
\thm@postskip=\skip65
\thm@headsep=\skip66
\dth@everypar=\toks37
) (/usr/local/texlive/2024/texmf-dist/tex/latex/amsfonts/amssymb.sty
Package: amssymb 2013/01/14 v3.01 AMS font symbols
 (/usr/local/texlive/2024/texmf-dist/tex/latex/amsfonts/amsfonts.sty
Package: amsfonts 2013/01/14 v3.01 Basic AMSFonts support
\symAMSa=\mathgroup4
\symAMSb=\mathgroup5
LaTeX Font Info:    Redeclaring math symbol \hbar on input line 98.
LaTeX Font Info:    Overwriting math alphabet `\mathfrak' in version `bold'
(Font)                  U/euf/m/n --> U/euf/b/n on input line 106.
)) (/usr/local/texlive/2024/texmf-dist/tex/latex/epstopdf-pkg/epstopdf.sty
Package: epstopdf 2020-01-24 v2.11 Conversion with epstopdf on the fly (HO)
 (/usr/local/texlive/2024/texmf-dist/tex/generic/infwarerr/infwarerr.sty
Package: infwarerr 2019/12/03 v1.5 Providing info/warning/error messages (HO)
) (/usr/local/texlive/2024/texmf-dist/tex/latex/grfext/grfext.sty
Package: grfext 2019/12/03 v1.3 Manage graphics extensions (HO)
 (/usr/local/texlive/2024/texmf-dist/tex/generic/kvdefinekeys/kvdefinekeys.sty
Package: kvdefinekeys 2019-12-19 v1.6 Define keys (HO)
)) (/usr/local/texlive/2024/texmf-dist/tex/latex/kvoptions/kvoptions.sty
Package: kvoptions 2022-06-15 v3.15 Key value format for package options (HO)
 (/usr/local/texlive/2024/texmf-dist/tex/generic/ltxcmds/ltxcmds.sty
Package: ltxcmds 2023-12-04 v1.26 LaTeX kernel commands for general use (HO)
) (/usr/local/texlive/2024/texmf-dist/tex/latex/kvsetkeys/kvsetkeys.sty
Package: kvsetkeys 2022-10-05 v1.19 Key value parser (HO)
)) (/usr/local/texlive/2024/texmf-dist/tex/generic/pdftexcmds/pdftexcmds.sty
Package: pdftexcmds 2020-06-27 v0.33 Utility functions of pdfTeX for LuaTeX (HO)
 (/usr/local/texlive/2024/texmf-dist/tex/generic/iftex/iftex.sty
Package: iftex 2022/02/03 v1.0f TeX engine tests
)
Package pdftexcmds Info: \pdf@primitive is available.
Package pdftexcmds Info: \pdf@ifprimitive is available.
Package pdftexcmds Info: \pdfdraftmode found.
) (/usr/local/texlive/2024/texmf-dist/tex/latex/epstopdf-pkg/epstopdf-base.sty
Package: epstopdf-base 2020-01-24 v2.11 Base part for package epstopdf
Package epstopdf-base Info: Redefining graphics rule for `.eps' on input line 485.
Package grfext Info: Graphics extension search list:
(grfext)             [.pdf,.png,.jpg,.mps,.jpeg,.jbig2,.jb2,.PDF,.PNG,.JPG,.JPEG,.JBIG2,.JB2,.eps]
(grfext)             \AppendGraphicsExtensions on input line 504.
 (/usr/local/texlive/2024/texmf-dist/tex/latex/latexconfig/epstopdf-sys.cfg
File: epstopdf-sys.cfg 2010/07/13 v1.3 Configuration of (r)epstopdf for TeX Live
))) (/usr/local/texlive/2024/texmf-dist/tex/latex/wrapfig/wrapfig.sty
\wrapoverhang=\dimen168
\WF@size=\dimen169
\c@WF@wrappedlines=\count312
\WF@box=\box54
\WF@everypar=\toks38
Package: wrapfig 2003/01/31  v 3.6
) (/usr/local/texlive/2024/texmf-dist/tex/latex/base/latexsym.sty
Package: latexsym 1998/08/17 v2.2e Standard LaTeX package (lasy symbols)
\symlasy=\mathgroup6
LaTeX Font Info:    Overwriting symbol font `lasy' in version `bold'
(Font)                  U/lasy/m/n --> U/lasy/b/n on input line 52.
) (/usr/local/texlive/2024/texmf-dist/tex/latex/index/index.sty
Package: index 2004/01/20 v4.2beta Improved index support (dmj)
\@indexbox=\insert252
\indexproofstyle=\toks39


LaTeX Warning: Command \markboth  has changed.
               Check if current package is valid.


LaTeX Warning: Command \markright  has changed.
               Check if current package is valid.

) (/usr/local/texlive/2024/texmf-dist/tex/latex/url/url.sty
\Urlmuskip=\muskip17
Package: url 2013/09/16  ver 3.4  Verb mode for urls, etc.
) (/usr/local/texlive/2024/texmf-dist/tex/latex/tools/array.sty
Package: array 2023/10/16 v2.5g Tabular extension package (FMi)
\col@sep=\dimen170
\ar@mcellbox=\box55
\extrarowheight=\dimen171
\NC@list=\toks40
\extratabsurround=\skip67
\backup@length=\skip68
\ar@cellbox=\box56
) (/usr/local/texlive/2024/texmf-dist/tex/latex/algorithms/algorithm.sty
Package: algorithm 2009/08/24 v0.1 Document Style `algorithm' - floating environment
 (/usr/local/texlive/2024/texmf-dist/tex/latex/float/float.sty
Package: float 2001/11/08 v1.3d Float enhancements (AL)
\c@float@type=\count313
\float@exts=\toks41
\float@box=\box57
\@float@everytoks=\toks42
\@floatcapt=\box58
)
\@float@every@algorithm=\toks43
\c@algorithm=\count314
) (/usr/local/texlive/2024/texmf-dist/tex/latex/algorithms/algorithmic.sty
Package: algorithmic 2009/08/24 v0.1 Document Style `algorithmic'
\c@ALC@unique=\count315
\c@ALC@line=\count316
\c@ALC@rem=\count317
\c@ALC@depth=\count318
\ALC@tlm=\skip69
\algorithmicindent=\skip70
) (/usr/local/texlive/2024/texmf-dist/tex/latex/tools/afterpage.sty
Package: afterpage 2023/07/04 v1.08 After-Page Package (DPC)
\AP@output=\toks44
\AP@partial=\box59
\AP@footins=\box60
) (/usr/local/texlive/2024/texmf-dist/tex/latex/setspace/setspace.sty
Package: setspace 2022/12/04 v6.7b set line spacing
) (/usr/local/texlive/2024/texmf-dist/tex/latex/mathtools/mathtools.sty
Package: mathtools 2024/03/11 v1.30 mathematical typesetting tools
 (/usr/local/texlive/2024/texmf-dist/tex/latex/tools/calc.sty
Package: calc 2023/07/08 v4.3 Infix arithmetic (KKT,FJ)
\calc@Acount=\count319
\calc@Bcount=\count320
\calc@Adimen=\dimen172
\calc@Bdimen=\dimen173
\calc@Askip=\skip71
\calc@Bskip=\skip72
LaTeX Info: Redefining \setlength on input line 80.
LaTeX Info: Redefining \addtolength on input line 81.
\calc@Ccount=\count321
\calc@Cskip=\skip73
) (/usr/local/texlive/2024/texmf-dist/tex/latex/mathtools/mhsetup.sty
Package: mhsetup 2021/03/18 v1.4 programming setup (MH)
)
\g_MT_multlinerow_int=\count322
\l_MT_multwidth_dim=\dimen174
\origjot=\skip74
\l_MT_shortvdotswithinadjustabove_dim=\dimen175
\l_MT_shortvdotswithinadjustbelow_dim=\dimen176
\l_MT_above_intertext_sep=\dimen177
\l_MT_below_intertext_sep=\dimen178
\l_MT_above_shortintertext_sep=\dimen179
\l_MT_below_shortintertext_sep=\dimen180
\xmathstrut@box=\box61
\xmathstrut@dim=\dimen181
) (/usr/local/texlive/2024/texmf-dist/tex/latex/tools/tabularx.sty
Package: tabularx 2023/07/08 v2.11c `tabularx' package (DPC)
\TX@col@width=\dimen182
\TX@old@table=\dimen183
\TX@old@col=\dimen184
\TX@target=\dimen185
\TX@delta=\dimen186
\TX@cols=\count323
\TX@ftn=\toks45
) (/usr/local/texlive/2024/texmf-dist/tex/latex/enumitem/enumitem.sty
Package: enumitem 2019/06/20 v3.9 Customized lists
\labelindent=\skip75
\enit@outerparindent=\dimen187
\enit@toks=\toks46
\enit@inbox=\box62
\enit@count@id=\count324
\enitdp@description=\count325
) (/usr/local/texlive/2024/texmf-dist/tex/latex/comment/comment.sty
\CommentStream=\write3
 Excluding comment 'comment') (/usr/local/texlive/2024/texmf-dist/tex/latex/booktabs/booktabs.sty
Package: booktabs 2020/01/12 v1.61803398 Publication quality tables
\heavyrulewidth=\dimen188
\lightrulewidth=\dimen189
\cmidrulewidth=\dimen190
\belowrulesep=\dimen191
\belowbottomsep=\dimen192
\aboverulesep=\dimen193
\abovetopsep=\dimen194
\cmidrulesep=\dimen195
\cmidrulekern=\dimen196
\defaultaddspace=\dimen197
\@cmidla=\count326
\@cmidlb=\count327
\@aboverulesep=\dimen198
\@belowrulesep=\dimen199
\@thisruleclass=\count328
\@lastruleclass=\count329
\@thisrulewidth=\dimen256
) (/usr/local/texlive/2024/texmf-dist/tex/latex/tools/longtable.sty
Package: longtable 2023-11-01 v4.19 Multi-page Table package (DPC)
\LTleft=\skip76
\LTright=\skip77
\LTpre=\skip78
\LTpost=\skip79
\LTchunksize=\count330
\LTcapwidth=\dimen257
\LT@head=\box63
\LT@firsthead=\box64
\LT@foot=\box65
\LT@lastfoot=\box66
\LT@gbox=\box67
\LT@cols=\count331
\LT@rows=\count332
\c@LT@tables=\count333
\c@LT@chunks=\count334
\LT@p@ftn=\toks47
)
\idxtitle@default=\toks48
\tf@default=\write4
\openout4 = `main.idx'.

Package index Info: Writing index file main.idx on input line 46.
\idxtitle@en=\toks49
\tf@en=\write5
\openout5 = `main.edx'.

Package index Info: Writing index file main.edx on input line 47.
\c@definition=\count335
\c@proposition=\count336
\c@theorem=\count337
\c@corollary=\count338
\c@lemma=\count339
\c@example=\count340
\c@remark=\count341
\c@notation=\count342
\c@law=\count343
LaTeX Font Info:    Trying to load font information for LGR+cmr on input line 111.
 (/usr/local/texlive/2024/texmf-dist/tex/latex/cbfonts-fd/lgrcmr.fd
File: lgrcmr.fd 2017/07/29 v1.2 Greek European Computer Regular
) (/usr/local/texlive/2024/texmf-dist/tex/latex/l3backend/l3backend-pdftex.def
File: l3backend-pdftex.def 2024-02-20 L3 backend support: PDF output (pdfTeX)
\l__color_backend_stack_int=\count344
\l__pdf_internal_box=\box68
) (./main.aux (./chapters/abstract.aux) (./chapters/chapter1.aux) (./chapters/chapter2.aux) (./chapters/chapter3.aux) (./chapters/chapter4.aux) (./chapters/chapter5.aux))
\openout1 = `main.aux'.

LaTeX Font Info:    Checking defaults for OML/cmm/m/it on input line 122.
LaTeX Font Info:    ... okay on input line 122.
LaTeX Font Info:    Checking defaults for OMS/cmsy/m/n on input line 122.
LaTeX Font Info:    ... okay on input line 122.
LaTeX Font Info:    Checking defaults for OT1/cmr/m/n on input line 122.
LaTeX Font Info:    ... okay on input line 122.
LaTeX Font Info:    Checking defaults for T1/cmr/m/n on input line 122.
LaTeX Font Info:    ... okay on input line 122.
LaTeX Font Info:    Checking defaults for TS1/cmr/m/n on input line 122.
LaTeX Font Info:    ... okay on input line 122.
LaTeX Font Info:    Checking defaults for OMX/cmex/m/n on input line 122.
LaTeX Font Info:    ... okay on input line 122.
LaTeX Font Info:    Checking defaults for U/cmr/m/n on input line 122.
LaTeX Font Info:    ... okay on input line 122.
LaTeX Font Info:    Checking defaults for LGR/cmr/m/n on input line 122.
LaTeX Font Info:    ... okay on input line 122.
 (/usr/local/texlive/2024/texmf-dist/tex/context/base/mkii/supp-pdf.mkii
[Loading MPS to PDF converter (version 2006.09.02).]
\scratchcounter=\count345
\scratchdimen=\dimen258
\scratchbox=\box69
\nofMPsegments=\count346
\nofMParguments=\count347
\everyMPshowfont=\toks50
\MPscratchCnt=\count348
\MPscratchDim=\dimen259
\MPnumerator=\count349
\makeMPintoPDFobject=\count350
\everyMPtoPDFconversion=\toks51
) (/usr/local/texlive/2024/texmf-dist/tex/latex/upquote/upquote.sty
Package: upquote 2012/04/19 v1.3 upright-quote and grave-accent glyphs in verbatim
)
Package caption Info: Begin \AtBeginDocument code.
Package caption Info: float package is loaded.
Package caption Info: longtable package is loaded.
 (/usr/local/texlive/2024/texmf-dist/tex/latex/caption/ltcaption.sty
Package: ltcaption 2021/01/08 v1.4c longtable captions (AR)
)
Package caption Info: wrapfig package is loaded.
Package caption Info: End \AtBeginDocument code.
Package epstopdf Info: Source file: <pyrforos.eps>
(epstopdf)                    date: 2025-02-02 10:07:08
(epstopdf)                    size: 31211 bytes
(epstopdf)             Output file: <pyrforos-eps-converted-to.pdf>
(epstopdf)                    date: 2025-02-02 11:42:45
(epstopdf)                    size: 4351 bytes
(epstopdf)             Command: <repstopdf --outfile=pyrforos-eps-converted-to.pdf pyrforos.eps>
(epstopdf)             \includegraphics on input line 124.
Package epstopdf Info: Output file is already uptodate.
<pyrforos-eps-converted-to.pdf, id=1, 240.9pt x 240.9pt>
File: pyrforos-eps-converted-to.pdf Graphic file (type pdf)
<use pyrforos-eps-converted-to.pdf>
Package pdftex.def Info: pyrforos-eps-converted-to.pdf  used on input line 124.
(pdftex.def)             Requested size: 71.13188pt x 71.13104pt.
LaTeX Font Info:    Trying to load font information for U+msa on input line 124.
 (/usr/local/texlive/2024/texmf-dist/tex/latex/amsfonts/umsa.fd
File: umsa.fd 2013/01/14 v3.01 AMS symbols A
)
LaTeX Font Info:    Trying to load font information for U+msb on input line 124.
 (/usr/local/texlive/2024/texmf-dist/tex/latex/amsfonts/umsb.fd
File: umsb.fd 2013/01/14 v3.01 AMS symbols B
)
LaTeX Font Info:    Trying to load font information for U+lasy on input line 124.
 (/usr/local/texlive/2024/texmf-dist/tex/latex/base/ulasy.fd
File: ulasy.fd 1998/08/17 v2.2e LaTeX symbol font definitions
) [1


{/usr/local/texlive/2024/texmf-var/fonts/map/pdftex/updmap/pdftex.map} <./pyrforos-eps-converted-to.pdf>] [2

]
Package epstopdf Info: Source file: <pyrforos.eps>
(epstopdf)                    date: 2025-02-02 10:07:08
(epstopdf)                    size: 31211 bytes
(epstopdf)             Output file: <pyrforos-eps-converted-to.pdf>
(epstopdf)                    date: 2025-02-02 11:42:45
(epstopdf)                    size: 4351 bytes
(epstopdf)             Command: <repstopdf --outfile=pyrforos-eps-converted-to.pdf pyrforos.eps>
(epstopdf)             \includegraphics on input line 124.
Package epstopdf Info: Output file is already uptodate.
File: pyrforos-eps-converted-to.pdf Graphic file (type pdf)
<use pyrforos-eps-converted-to.pdf>
Package pdftex.def Info: pyrforos-eps-converted-to.pdf  used on input line 124.
(pdftex.def)             Requested size: 56.9055pt x 56.90556pt.

Underfull \hbox (badness 1194) in paragraph at lines 124--124
\LGR/cmr/m/n/12 TomËac Susthmàtwn Metàdoshc Plhrofor–ac kai Teqnolog–ac
 []


Overfull \hbox (17.62482pt too wide) in paragraph at lines 124--124
[]$[]$ 
 []

[3]
Underfull \hbox (badness 10000) in paragraph at lines 124--124

 []


Underfull \hbox (badness 10000) in paragraph at lines 124--124

 []


Overfull \hbox (17.62482pt too wide) in paragraph at lines 124--124
[][] 
 []

[4{/usr/local/texlive/2024/texmf-dist/fonts/enc/dvips/cm-super/cm-super-ts1.enc}]
Package epstopdf Info: Source file: <pyrforos.eps>
(epstopdf)                    date: 2025-02-02 10:07:08
(epstopdf)                    size: 31211 bytes
(epstopdf)             Output file: <pyrforos-eps-converted-to.pdf>
(epstopdf)                    date: 2025-02-02 11:42:45
(epstopdf)                    size: 4351 bytes
(epstopdf)             Command: <repstopdf --outfile=pyrforos-eps-converted-to.pdf pyrforos.eps>
(epstopdf)             \includegraphics on input line 124.
Package epstopdf Info: Output file is already uptodate.
File: pyrforos-eps-converted-to.pdf Graphic file (type pdf)
<use pyrforos-eps-converted-to.pdf>
Package pdftex.def Info: pyrforos-eps-converted-to.pdf  used on input line 124.
(pdftex.def)             Requested size: 56.9055pt x 56.90556pt.

Underfull \hbox (badness 1194) in paragraph at lines 124--124
\LGR/cmr/m/n/12 TomËac Susthmàtwn Metàdoshc Plhrofor–ac kai Teqnolog–ac
 []

[5

] [6

]
\openout2 = `chapters/abstract.aux'.

 (./chapters/abstract.tex [1



] [2

]
Underfull \hbox (badness 2035) in paragraph at lines 17--24
[]\LGR/cmr/m/n/12 H paro‘sa ergas–a apotele–tai apÏ 5 enÏthtec. Sthn pr∏th enÏthta,
 []

[3]
Underfull \hbox (badness 10000) in paragraph at lines 25--27
[]\LGR/cmr/m/n/12 Diad–ktuo
 []

[4]) (./main.toc
Underfull \hbox (badness 1655) in paragraph at lines 65--65
 [][] []\LGR/cmr/m/n/12 H anexarths–a kai h belt–wsh thc poiÏthtac zw†c twn 
 []

[5



] [6])
\tf@toc=\write6
\openout6 = `main.toc'.

 [7] [8

] (./main.lof
Underfull \hbox (badness 1048) in paragraph at lines 11--11
 [][] []\LGR/cmr/m/n/12 Grafik† apeikÏnish thc exËlixhc tou arijmo‘ twn sundedemËnwn 
 []


Underfull \hbox (badness 2181) in paragraph at lines 31--31
 [][] []\LGR/cmr/m/n/12 Sqhmatik† apeikÏnish thc arqitektonik†c enÏc []\OT1/cmr/m/n/12 IoT []\LGR/cmr/m/n/12 sust†matoc 
 []


Underfull \hbox (badness 10000) in paragraph at lines 83--83
 \LGR/cmr/m/n/12 h pl†rhc 
 []

)
\tf@lof=\write7
\openout7 = `main.lof'.


Underfull \vbox (badness 3375) has occurred while \output is active []

 [9] [10] (./main.lot)
\tf@lot=\write8
\openout8 = `main.lot'.

 [11

]
\openout2 = `chapters/chapter1.aux'.

 (./chapters/chapter1.tex [12


]
\textKappa \textepsilon \textphi \acctonos \textalpha \textlambda \textalpha \textiota \textomicron  1.
<images/hype_cycle.png, id=79, 1347.0325pt x 906.38625pt>
File: images/hype_cycle.png Graphic file (type png)
<use images/hype_cycle.png>
Package pdftex.def Info: images/hype_cycle.png  used on input line 7.
(pdftex.def)             Requested size: 404.11287pt x 271.91797pt.

LaTeX Warning: `!h' float specifier changed to `!ht'.


Underfull \hbox (badness 1024) in paragraph at lines 14--16
\LGR/cmr/m/n/12 yhfiako‘ q∏rou. O stÏqoc e–nai h dhmiourg–a enÏc peribàllontoc diàquthc
 []


Underfull \hbox (badness 2644) in paragraph at lines 20--24
[]\LGR/cmr/m/n/12 Fusikà, oi dunatÏthtec autËc den Ëqoun peràsei aparat†rhtec apÏ ton
 []

[13]
<images/IOT_numbes.png, id=84, 1041.8925pt x 586.19pt>
File: images/IOT_numbes.png Graphic file (type png)
<use images/IOT_numbes.png>
Package pdftex.def Info: images/IOT_numbes.png  used on input line 26.
(pdftex.def)             Requested size: 416.74962pt x 234.47185pt.


LaTeX Warning: `!h' float specifier changed to `!ht'.

[14 <./images/hype_cycle.png>] [15 <./images/IOT_numbes.png>]
<images/iotrm3.png, id=93, 211.38976pt x 188.50426pt>
File: images/iotrm3.png Graphic file (type png)
<use images/iotrm3.png>
Package pdftex.def Info: images/iotrm3.png  used on input line 51.
(pdftex.def)             Requested size: 317.08383pt x 282.75568pt.

Underfull \hbox (badness 2310) in paragraph at lines 56--59
[]\LGR/cmr/m/n/12 'Eqoun g–nei pollËc prospàjeiec gia na dhmiourghjo‘n prÏtupa montËla
 []


Underfull \hbox (badness 1184) in paragraph at lines 56--59
\LGR/cmr/m/n/12 kai arqitektonikËc gia thn anàptuxh efarmog∏n []\OT1/cmr/m/n/12 IoT[]\LGR/cmr/m/n/12 . Mia apÏ tic kur–arqec
 []


Underfull \hbox (badness 1424) in paragraph at lines 60--62
[]\LGR/cmr/m/n/12 Gia thn kal‘terh katanÏhsh thc arqitektonik†c, parat–jetai mia s‘ntomh
 []

[16 <./images/iotrm3.png>]
Underfull \hbox (badness 1590) in paragraph at lines 80--81
[]\LGR/cmr/m/n/12 'Opwc anal‘jhke parapànw, to []\OT1/cmr/m/n/12 IoT []\LGR/cmr/m/n/12 perilambànei teqnolog–ec kai Ënnoiec
 []


Underfull \hbox (badness 1253) in paragraph at lines 80--81
\LGR/cmr/m/n/12 apÏ pollo‘c àllouc tome–c. Se autÏ to shme–o, parousiàzontai oi eurËwc
 []

[17]
<images/pass_RFID.png, id=100, 454.69875pt x 327.02174pt>
File: images/pass_RFID.png Graphic file (type png)
<use images/pass_RFID.png>
Package pdftex.def Info: images/pass_RFID.png  used on input line 88.
(pdftex.def)             Requested size: 318.28694pt x 228.91365pt.
 [18 <./images/pass_RFID.png>] [19]
Underfull \hbox (badness 2460) in paragraph at lines 116--117
\LGR/cmr/m/n/12 Se autËc tic peript∏seic qrhsimopoie–tai Ënac exuphretht†c, o opo–oc
 []


Underfull \hbox (badness 10000) in paragraph at lines 153--153
[]|\LGR/cmr/m/n/10 Akoustikà, []\OT1/cmr/m/n/10 wearables[]\LGR/cmr/m/n/10 ,
 []


Underfull \hbox (badness 7704) in paragraph at lines 153--153
\LGR/cmr/m/n/10 autobiomhqan–ac, aisjht†rec
 []


Underfull \hbox (badness 1424) in paragraph at lines 153--153
[]|\LGR/cmr/m/n/10 Parakolo‘jhsh kai Ëlegqoc
 []


Underfull \hbox (badness 10000) in paragraph at lines 153--153
[]|\LGR/cmr/m/n/10 Kinhtà thlËfwna,
 []


Underfull \hbox (badness 3386) in paragraph at lines 153--153
[]|\LGR/cmr/m/n/10 Biomhqanik† parakolo‘jhsh,
 []


Underfull \hbox (badness 10000) in paragraph at lines 153--153
\LGR/cmr/m/n/10 ``Ëxupna`` sp–tia, ``Ëxupnec``
 []


Underfull \hbox (badness 10000) in paragraph at lines 153--153
[]|\LGR/cmr/m/n/10 Diaqe–rish
 []


Underfull \hbox (badness 10000) in paragraph at lines 153--153
\LGR/cmr/m/n/10 efarmogËc, efodiastik†
 []


Underfull \hbox (badness 10000) in paragraph at lines 153--153
[]|\LGR/cmr/m/n/10 120-150 []\OT1/cmr/m/n/10 kHz (LF)[]\LGR/cmr/m/n/10 ,
 []


Underfull \hbox (badness 10000) in paragraph at lines 153--153
[]|\LGR/cmr/m/n/10 EfarmogËc
 []


Underfull \hbox (badness 3386) in paragraph at lines 153--153
[]|\LGR/cmr/m/n/10 Biomhqanik† parakolo‘jhsh,
 []


Underfull \hbox (badness 3460) in paragraph at lines 153--153
[]|\LGR/cmr/m/n/10 2.4 []\OT1/cmr/m/n/10 GHz[]\LGR/cmr/m/n/10 , 3.6 []\OT1/cmr/m/n/10 GHz[]\LGR/cmr/m/n/10 ,
 []


Underfull \hbox (badness 10000) in paragraph at lines 153--153
[]|\LGR/cmr/m/n/10 Parakolo‘jhsh kai
 []


Underfull \hbox (badness 10000) in paragraph at lines 153--153
[]|\LGR/cmr/m/n/10 biomhqanikÏc
 []


Underfull \hbox (badness 10000) in alignment at lines 153--153
[][][][] 
 []


LaTeX Warning: `!h' float specifier changed to `!ht'.


Underfull \hbox (badness 1675) in paragraph at lines 166--167
[]\LGR/cmr/bx/n/12 Epikoinwn–a \LGR/cmr/m/n/12 --- To []\OT1/cmr/m/n/12 Cloud []\LGR/cmr/m/n/12 kajistà dunat† kai fjhn†, thn s‘ndesh,
 []


Underfull \hbox (badness 1142) in paragraph at lines 167--168
[]\LGR/cmr/bx/n/12 Apoj†keush \LGR/cmr/m/n/12 --- To []\OT1/cmr/m/n/12 Cloud []\LGR/cmr/m/n/12 kajistà dunat† kai fjhn†, thn sullog†,
 []

[20]
Underfull \vbox (badness 10000) has occurred while \output is active []

 [21]
Underfull \hbox (badness 1237) in paragraph at lines 187--190
\LGR/cmr/m/n/12 bajmÏc eterogËneiac pou emfan–zei to []\OT1/cmr/m/n/12 IoT[]\LGR/cmr/m/n/12 . H anàptuxh miac efarmog†c []\OT1/cmr/m/n/12 IoT
 []

[22]
<images/iot_applications.png, id=122, 723.30225pt x 396.2805pt>
File: images/iot_applications.png Graphic file (type png)
<use images/iot_applications.png>
Package pdftex.def Info: images/iot_applications.png  used on input line 210.
(pdftex.def)             Requested size: 433.9847pt x 237.77013pt.

Overfull \hbox (7.19336pt too wide) in paragraph at lines 210--211
 [][] 
 []


LaTeX Warning: `!h' float specifier changed to `!ht'.

[23]
Underfull \hbox (badness 1082) in paragraph at lines 221--223
\LGR/cmr/m/n/12 thn parakolo‘jhsh se pragmatikÏ qrÏno kàje kr–kou thc efodiastik†c
 []

[24 <./images/iot_applications.png>]
Underfull \hbox (badness 1048) in paragraph at lines 232--235
\LGR/cmr/m/n/12 diadramat–zoun megàlo rÏlo sth biomhqan–a [[]] kai sthn gewrg–a [[]],
 []


Underfull \hbox (badness 1394) in paragraph at lines 232--235
\LGR/cmr/m/n/12 kaj∏c kajisto‘n dunat† thn peraitËrw automatopo–hsh thc paragwg†c.
 []


Underfull \hbox (badness 1515) in paragraph at lines 232--235
\LGR/cmr/m/n/12 thn beltistopo–hsh thc paragwg†c, ton àmeso entopismÏ kai diÏrjwsh
 []


Underfull \hbox (badness 5771) in paragraph at lines 232--235
\LGR/cmr/m/n/12 sfalmàtwn kaj∏c kai thn diaqe–rish tou ergasiako‘ peribàllontoc.
 []


Underfull \hbox (badness 1546) in paragraph at lines 235--239
[]\LGR/cmr/bx/n/12 PÏleic \LGR/cmr/m/n/12 --- H qr†sh twn dunatot†twn tou []\OT1/cmr/m/n/12 IoT []\LGR/cmr/m/n/12 epitrËpei, plËon, thn
 []

Excluding 'comment' comment. [25]
<images/human_population.png, id=133, 1027.84pt x 770.88pt>
File: images/human_population.png Graphic file (type png)
<use images/human_population.png>
Package pdftex.def Info: images/human_population.png  used on input line 286.
(pdftex.def)             Requested size: 411.12872pt x 308.34654pt.
<images/who_insufficient.png, id=135, 703.12688pt x 580.41844pt>
File: images/who_insufficient.png Graphic file (type png)
<use images/who_insufficient.png>
Package pdftex.def Info: images/who_insufficient.png  used on input line 294.
(pdftex.def)             Requested size: 421.87938pt x 348.25375pt.
 [26 <./images/human_population.png>] [27 <./images/who_insufficient.png>]
<images/iot_h_example.png, id=143, 425.1885pt x 236.68425pt>
File: images/iot_h_example.png Graphic file (type png)
<use images/iot_h_example.png>
Package pdftex.def Info: images/iot_h_example.png  used on input line 312.
(pdftex.def)             Requested size: 425.18745pt x 236.68367pt.

Underfull \hbox (badness 1924) in paragraph at lines 314--314
[]\LGR/cmr/m/n/12 Sq†ma 1.8: |Sqhmatik† apeikÏnish thc arqitektonik†c enÏc []\OT1/cmr/m/n/12 IoT []\LGR/cmr/m/n/12 sust†matoc
 []

[28 <./images/iot_h_example.png>] [29]
Underfull \hbox (badness 1460) in paragraph at lines 355--357
\LGR/cmr/m/n/12 leitourg–ac kr–simwn iatrik∏n suskeu∏n, Ïpwc bhmatodÏtec † àllec Ëmfutec
 []

[30]) [31]
\openout2 = `chapters/chapter2.aux'.

 (./chapters/chapter2.tex [32




]
\textKappa \textepsilon \textphi \acctonos \textalpha \textlambda \textalpha \textiota \textomicron  2.
[33]
Underfull \hbox (badness 1184) in paragraph at lines 15--16
[]\LGR/cmr/m/n/12 Ta Peribàllonta Upobohjo‘menhc Diab–wshc apotelo‘n s‘gqronec
 []


Underfull \hbox (badness 1077) in paragraph at lines 15--16
\LGR/cmr/m/n/12 arqËc tou no†monoc peribàllontoc, gia thn paroq† kajolik†c, mh
 []

<images/aal.png, id=163, 445.06274pt x 324.0105pt>
File: images/aal.png Graphic file (type png)
<use images/aal.png>
Package pdftex.def Info: images/aal.png  used on input line 20.
(pdftex.def)             Requested size: 400.55275pt x 291.60675pt.
[34 <./images/aal.png>]
Underfull \hbox (badness 4492) in paragraph at lines 41--41
|[]\LGR/cmr/bx/n/14.4 S‘gqronec upologistikËc kai epikoinwniakËc
 []


Underfull \hbox (badness 5711) in paragraph at lines 42--44
[]\LGR/cmr/m/n/12 Ta PUD perilambànoun Ëna eur‘ fàsma exeligmËnwn teqnologi∏n me
 []

[35] [36]
Underfull \hbox (badness 3525) in paragraph at lines 82--84
\LGR/cmr/m/it/12 kai dhmiourgikÏthtac kajhmerinÏthtac, mËsw teqnologi∏n plhroforik†c kai
 []


Underfull \hbox (badness 2435) in paragraph at lines 82--84
\LGR/cmr/m/it/12 epikoinwni∏n, prosanatolismËnec sthn koinwnik† dias‘ndesh kai thn e‘kolh
 []

[37]
Underfull \hbox (badness 5878) in paragraph at lines 99--104
\LGR/cmr/m/it/12 prosbàsimwn kai prosarmÏsimwn teqnologi∏n plhroforik†c, oi opo–ec ja
 []

[38]
Underfull \hbox (badness 10000) in paragraph at lines 143--143
[]|[]\LGR/cmr/m/n/10.95 Periballontiko– aisjht†rec(f∏c,
 []


Underfull \hbox (badness 10000) in paragraph at lines 143--143
[]|[]\LGR/cmr/m/n/10.95 'Anesh, UgieinÏ peribàllon,
 []


Underfull \hbox (badness 10000) in paragraph at lines 143--143
[]|[]\LGR/cmr/m/n/10.95 'Anesh, Asfàleia, Upobo†jhsh
 []


Underfull \hbox (badness 10000) in paragraph at lines 143--143
[]|[]\LGR/cmr/m/n/10.95 'Anesh, Asfàleia, Parakolo‘jhsh
 []


Underfull \hbox (badness 5133) in paragraph at lines 143--143
[]|[]\LGR/cmr/m/n/10.95 Magnhtiko– aisjht†rec se pÏrtec kai
 []


Underfull \hbox (badness 3108) in paragraph at lines 143--143
[]|[]\LGR/cmr/m/n/10.95 Aisjht†rec p–eshc (enswmatwmËnoi sto
 []


Underfull \hbox (badness 10000) in paragraph at lines 143--143
[]|[]\LGR/cmr/m/n/10.95 Anagn∏rish pt∏sewn kai
 []


Underfull \hbox (badness 10000) in paragraph at lines 143--143
[]|[]\LGR/cmr/m/n/10.95 Anagn∏rish pt∏sewn kai
 []


Underfull \hbox (badness 10000) in paragraph at lines 143--143
[]|[]\LGR/cmr/m/n/10.95 Asfàleia, Anagn∏rish pt∏sewn kai
 []

[39]
<images/wearable.png, id=185, 853.1875pt x 297.11pt>
File: images/wearable.png Graphic file (type png)
<use images/wearable.png>
Package pdftex.def Info: images/wearable.png  used on input line 165.
(pdftex.def)             Requested size: 426.59271pt x 148.55463pt.


LaTeX Warning: `!h' float specifier changed to `!ht'.


Underfull \hbox (badness 2012) in paragraph at lines 171--173
\LGR/cmr/m/n/12 Ïpwc epitaqunsiÏmetro, guroskÏpio, aisjht†rec egg‘thtac, []\OT1/cmr/m/n/12 GPS[]\LGR/cmr/m/n/12 , []\OT1/cmr/m/n/12 Bluetooth[]\LGR/cmr/m/n/12 ,
 []


Underfull \hbox (badness 1264) in paragraph at lines 174--178
\LGR/cmr/m/n/12 sthn anagn∏rish drasthriot†twn pou perilambànoun kin†seic qeri∏n, Ïpwc h
 []

[40]
Underfull \hbox (badness 10000) in paragraph at lines 179--180
[]\LGR/cmr/m/n/12 Ta []\OT1/cmr/m/n/12 smartwatches []\LGR/cmr/m/n/12 kai,
 []


Underfull \hbox (badness 1895) in paragraph at lines 188--193
[]\LGR/cmr/m/n/12 Ta ``Ëxupna'' ro‘qa kai ufàsmata prosfËroun àllo Ëna ergale–o gia mh
 []


Underfull \hbox (badness 1325) in paragraph at lines 188--193
\LGR/cmr/m/n/12 gia thn parakolo‘jhsh tou anapneustiko‘ rujmo‘ kai Ëna epitaqunsiÏmetro.
 []


Underfull \vbox (badness 10000) has occurred while \output is active []

 [41 <./images/wearable.png>]
Underfull \hbox (badness 1226) in paragraph at lines 194--197
[]\LGR/cmr/m/n/12 'Ena parÏmoio ro‘qo e–nai to []\OT1/cmr/m/n/12 t-shirt Smart Vest[]\LGR/cmr/m/n/12 .[[]] PeriËqei aisjht†rec
 []


Underfull \hbox (badness 3291) in paragraph at lines 198--199
[]\LGR/cmr/m/n/12 Upàrqoun kai àllec dhmofile–c Ëndutec suskeuËc, oi opo–ec, sun†jwc,
 []


Underfull \vbox (badness 6001) has occurred while \output is active []

 [42]
<images/robotics_start.png, id=196, 380.42125pt x 239.89626pt>
File: images/robotics_start.png Graphic file (type png)
<use images/robotics_start.png>
Package pdftex.def Info: images/robotics_start.png  used on input line 213.
(pdftex.def)             Requested size: 228.2545pt x 143.93886pt.

Underfull \hbox (badness 1571) in paragraph at lines 222--227
[]\LGR/cmr/m/n/12 H de‘terh kathgor–a e–nai ta koinwnikà rompÏt paroq†c uphresi∏n. O
 []

[43 <./images/robotics_start.png (PNG copy)>]
<images/robotics_end.jpg, id=201, 277.96153pt x 207.3266pt>
File: images/robotics_end.jpg Graphic file (type jpg)
<use images/robotics_end.jpg>
Package pdftex.def Info: images/robotics_end.jpg  used on input line 251.
(pdftex.def)             Requested size: 277.96085pt x 207.32608pt.


LaTeX Warning: `!h' float specifier changed to `!ht'.


Underfull \vbox (badness 10000) has occurred while \output is active []

 [44]
Underfull \hbox (badness 2744) in paragraph at lines 260--263
\LGR/cmr/m/n/12 drasthriÏthtac exartàtai apÏ touc upoke–menouc aisjht†rec, ton algÏrijmo
 []

[45 <./images/robotics_end.jpg>]
Underfull \hbox (badness 1558) in paragraph at lines 282--289
[]\LGR/cmr/m/n/12 Ta Ëxupna sp–tia kai oi Ëndutec suskeuËc sullËgoun Ënan pol‘ megàlo
 []

[46]
Underfull \hbox (badness 1137) in paragraph at lines 290--295
\LGR/cmr/m/n/12 anagn∏rish thc drasthriÏthtac kai thc sumperiforàc tou qr†sth se Ëna mh
 []


Underfull \hbox (badness 2165) in paragraph at lines 290--295
\LGR/cmr/m/n/12 anafËroun probl†mata axiopist–ac, Ïpwc làjoc sunagermo–, qamhl† akr–beia
 []


Underfull \vbox (badness 1077) has occurred while \output is active []

 [47] [48]
Underfull \hbox (badness 1199) in paragraph at lines 320--320
|[]\LGR/cmr/bx/n/14.4 EfarmogËc megàlhc kl–makac kai jewrhtikÏc
 []

)
Underfull \hbox (badness 1194) in paragraph at lines 332--135
[]\LGR/cmr/m/n/12 Sunolikà, e–nai safËc pwc upàrqei Ëlleiyh apodedeigmËnwn mejodologik∏n
 []

[49]
\openout2 = `chapters/chapter3.aux'.

 (./chapters/chapter3.tex [50




]
\textKappa \textepsilon \textphi \acctonos \textalpha \textlambda \textalpha \textiota \textomicron  3.
[51]
<images/fuzzy_logic1.jpg, id=229, 471.26062pt x 316.18124pt>
File: images/fuzzy_logic1.jpg Graphic file (type jpg)
<use images/fuzzy_logic1.jpg>
Package pdftex.def Info: images/fuzzy_logic1.jpg  used on input line 21.
(pdftex.def)             Requested size: 329.88019pt x 221.32535pt.
 [52 <./images/fuzzy_logic1.jpg>] [53]
Underfull \hbox (badness 2818) in paragraph at lines 79--80
[]\LGR/cmr/m/n/12 Ston P–naka 3.1[] sunoy–zontai merikËc apÏ tic pio diadedomËnec morfËc
 []


Underfull \hbox (badness 10000) in paragraph at lines 111--111
[]|\LGR/cmr/bx/n/12 Grafik†
 []

File: images/trig.jpg Graphic file (type jpg)
<use images/trig.jpg>
Package pdftex.def Info: images/trig.jpg  used on input line 111.
(pdftex.def)             Requested size: 104.97145pt x 54.80437pt.

Overfull \hbox (3.95557pt too wide) in paragraph at lines 111--111
 [] 
 []


Overfull \hbox (4.11217pt too wide) in paragraph at lines 111--111
[]|\LGR/cmr/bx/n/12 Trapezoeid†c| 
 []

File: images/trapez.jpg Graphic file (type jpg)
<use images/trapez.jpg>
Package pdftex.def Info: images/trapez.jpg  used on input line 111.
(pdftex.def)             Requested size: 106.65773pt x 56.06906pt.

Overfull \hbox (5.64185pt too wide) in paragraph at lines 111--111
 [] 
 []

File: images/gauss.jpg Graphic file (type jpg)
<use images/gauss.jpg>
Package pdftex.def Info: images/gauss.jpg  used on input line 111.
(pdftex.def)             Requested size: 107.92244pt x 57.75537pt.

Overfull \hbox (6.90656pt too wide) in paragraph at lines 111--111
 [] 
 []


Overfull \hbox (7.47244pt too wide) in paragraph at lines 111--111
[]|\LGR/cmr/bx/n/12 Kampanoeid†c| 
 []

File: images/bell.jpg Graphic file (type jpg)
<use images/bell.jpg>
Package pdftex.def Info: images/bell.jpg  used on input line 111.
(pdftex.def)             Requested size: 105.81459pt x 59.44167pt.

Overfull \hbox (4.7987pt too wide) in paragraph at lines 111--111
 [] 
 []

File: images/sigm.jpg Graphic file (type jpg)
<use images/sigm.jpg>
Package pdftex.def Info: images/sigm.jpg  used on input line 111.
(pdftex.def)             Requested size: 103.70674pt x 56.06906pt.

Overfull \hbox (2.69086pt too wide) in paragraph at lines 111--111
 [] 
 []


Underfull \hbox (badness 10000) in alignment at lines 111--111
[][][] 
 []


LaTeX Warning: `!h' float specifier changed to `!ht'.


Underfull \hbox (badness 1371) in paragraph at lines 117--118
\LGR/cmr/m/n/12 efarmog†; gia paràdeigma, h trigwnik† sunart†sh suqnà qrhsimopoie–tai gia
 []

[54]
Underfull \vbox (badness 10000) has occurred while \output is active []

 [55 <./images/trig.jpg> <./images/trapez.jpg> <./images/gauss.jpg> <./images/bell.jpg> <./images/sigm.jpg>] [56] [57] [58]
Underfull \hbox (badness 1874) in paragraph at lines 330--332
\LGR/cmr/m/n/12 sullogistik†c, elËgqou kai l†yhc apofàsewn. Sta epÏmena kefàlaia, ja
 []

[59]) [60]
\openout2 = `chapters/chapter4.aux'.

 (./chapters/chapter4.tex
\textKappa \textepsilon \textphi \acctonos \textalpha \textlambda \textalpha \textiota \textomicron  4.

Underfull \hbox (badness 2277) in paragraph at lines 9--12
[]\LGR/cmr/m/n/12 Se ant–jesh me tic paradosiakËc mejÏdouc, mia enallaktik† prosËggish
 []

[61




] [62]

LaTeX Warning: Command \textAlpha invalid in math mode on input line 43.


LaTeX Warning: Command \textBeta invalid in math mode on input line 43.


LaTeX Warning: Command \textBeta invalid in math mode on input line 44.


LaTeX Warning: Command \textBeta invalid in math mode on input line 44.


LaTeX Warning: Command \textAlpha invalid in math mode on input line 45.


LaTeX Warning: Command \textBeta invalid in math mode on input line 45.


Underfull \hbox (badness 1137) in paragraph at lines 50--53
\LGR/cmr/m/n/12 Ïpou $\OML/cmm/m/it/12 ^^N\OT1/cmr/m/n/12 (\OML/cmm/m/it/12 S; V\OT1/cmr/m/n/12 )$ \LGR/cmr/m/n/12 onomàzoume thn diaforà twn eur∏n twn aisjht†rwn $\OML/cmm/m/it/12 S$ \LGR/cmr/m/n/12 kai $\OML/cmm/m/it/12 V$\LGR/cmr/m/n/12 .
 []


Underfull \vbox (badness 6859) has occurred while \output is active []

 [63] [64]
Underfull \hbox (badness 2680) in paragraph at lines 94--95
[]\LGR/cmr/m/n/12 Oi sunolojewrhtikËc metrikËc bas–zontai stic klasikËc pràxeic sunÏlwn
 []


Underfull \hbox (badness 1142) in paragraph at lines 112--113
[]\LGR/cmr/m/n/12 Oi metrikËc apÏstashc upolog–zoun thn diaforà metax‘ twn sunart†sewn
 []

[65] [66] [67]
Underfull \hbox (badness 10000) in paragraph at lines 172--174
[]\LGR/cmr/bx/n/12 ApÏstash Metaforàc Màzac ([]\OT1/cmr/bx/n/12 Earth Mover's Distance[]\LGR/cmr/bx/n/12 )\LGR/cmr/m/n/12 :
 []


Underfull \hbox (badness 1939) in paragraph at lines 192--194
[]\LGR/cmr/m/n/12 H basik† suneisforà tou kefala–ou e–nai h parous–ash tou algor–jmou
 []

)
Underfull \hbox (badness 1048) in paragraph at lines 195--137
\LGR/cmr/m/n/12 kefàlaio. H metàbash apÏ th genik† anaz†thsh aisjht†rwn sto []\OT1/cmr/m/n/12 IoT []\LGR/cmr/m/n/12 sthn
 []

[68] [69]
\openout2 = `chapters/chapter5.aux'.

 (./chapters/chapter5.tex [70




]
\textKappa \textepsilon \textphi \acctonos \textalpha \textlambda \textalpha \textiota \textomicron  5.

Underfull \hbox (badness 1184) in paragraph at lines 5--8
\LGR/cmr/m/n/12 asaf∏n mejÏdwn sthn anàlush dedomËnwn aisjht†rwn. H mejodolog–a pou
 []


Underfull \hbox (badness 1117) in paragraph at lines 13--17
\LGR/cmr/m/n/12 kajodhgo‘n thn Ëreuna. To pr∏to ereunhtikÏ er∏thma (EE1) exetàzei thn
 []

[71]
Underfull \hbox (badness 1577) in paragraph at lines 25--32
\LGR/cmr/m/n/12 exasfal–zontac thn anaparagwgimÏthta kai thn episthmonik† egkurÏthta twn
 []


Underfull \hbox (badness 1424) in paragraph at lines 33--38
[]\LGR/cmr/m/n/12 O sqediasmÏc d–nei Ëmfash sthn empeirik† epal†jeush mËsw ektetamËnwn
 []


Underfull \hbox (badness 1077) in paragraph at lines 33--38
\LGR/cmr/m/n/12 twn proteinÏmenwn mejÏdwn se diaforetikËc sunj†kec deigmatolhy–ac, t‘pouc
 []


Underfull \hbox (badness 3049) in paragraph at lines 39--47
\LGR/cmr/m/n/12 prosfËrei shmantikà pleonekt†mata Ënanti twn paradosiak∏n prosegg–sewn,
 []

[72]
Underfull \hbox (badness 2503) in paragraph at lines 57--65
[]\LGR/cmr/m/n/12 H proteinÏmenh mejodolog–a diaforopoie–tai ousiastikà apÏ tic klasikËc
 []


Underfull \hbox (badness 3503) in paragraph at lines 66--75
[]\LGR/cmr/m/n/12 Oi pijanotikËc mËjodoi, Ïpwc ta []\OT1/cmr/m/n/12 Hidden Markov Models (HMM) []\LGR/cmr/m/n/12 kai
 []


Underfull \hbox (badness 2042) in paragraph at lines 66--75
\LGR/cmr/m/n/12 ta []\OT1/cmr/m/n/12 Conditional Random Fields (CRF)[]\LGR/cmr/m/n/12 , en∏ montelopoio‘n thn abebaiÏthta,
 []


Underfull \hbox (badness 1527) in paragraph at lines 66--75
\LGR/cmr/m/n/12 me []\OT1/cmr/m/n/12 NDG-S []\LGR/cmr/m/n/12 kai asafe–c sunart†seic summetoq†c den apaite– tËtoiec []\OT1/cmr/m/n/12 a priori
 []


Underfull \hbox (badness 1484) in paragraph at lines 78--83
\LGR/cmr/m/n/12 dedomËnwn anagn∏rishc anjr∏pinwn drasthriot†twn, ta []\OT1/cmr/m/n/12 Opportunity Activity
 []


Underfull \hbox (badness 2213) in paragraph at lines 78--83
\OT1/cmr/m/n/12 Recognition Dataset []\LGR/cmr/m/n/12 [[], []] kai []\OT1/cmr/m/n/12 PAMAP2 Physical Activity Monitoring
 []


Underfull \hbox (badness 1603) in paragraph at lines 78--83
\LGR/cmr/m/n/12 eure–a apodoq† touc apÏ thn ereunhtik† koinÏthta, thn poluplokÏthta twn
 []


Underfull \hbox (badness 1715) in paragraph at lines 78--83
\LGR/cmr/m/n/12 katagegrammËnwn drasthriot†twn kai th diajesimÏthta pl†rwn aisjhthriak∏n
 []

[73]
Underfull \hbox (badness 1237) in paragraph at lines 92--96
[]\LGR/cmr/m/n/12 To s‘sthma aisjht†rwn tou []\OT1/cmr/m/n/12 Opportunity []\LGR/cmr/m/n/12 parËqei 242 kanàlia dedomËnwn
 []


Underfull \hbox (badness 2073) in paragraph at lines 98--102
\LGR/cmr/m/n/12 12 basik∏n drasthriot†twn, me kàpoiouc na ektelo‘n epiplËon proairetikËc
 []

[74]
Underfull \hbox (badness 1728) in paragraph at lines 118--122
\LGR/cmr/m/n/12 grammËc hjik†c Ëreunac twn ant–stoiqwn idrumàtwn kai me thn enhmerwmËnh
 []


Underfull \hbox (badness 2269) in paragraph at lines 118--122
\LGR/cmr/m/n/12 sugkatàjesh Ïlwn twn summeteqÏntwn [[]]. Ta dedomËna Ëqoun pl†rwc
 []

[75]
Underfull \hbox (badness 1472) in paragraph at lines 132--135
\LGR/cmr/m/n/12 ta akatËrgasta s†mata twn aisjht†rwn upobàllontai se d‘o basikà stàdia
 []


Underfull \hbox (badness 1742) in paragraph at lines 151--153
[]\LGR/cmr/m/n/12 Metà thn kanonikopo–hsh, oi qronoseirËc twn aisjht†rwn qwr–zontai se
 []

[76]
<images/chapter4_preprocessing_pipeline_opportunity.png, id=327, 754.4988pt x 660.5478pt>
File: images/chapter4_preprocessing_pipeline_opportunity.png Graphic file (type png)
<use images/chapter4_preprocessing_pipeline_opportunity.png>
Package pdftex.def Info: images/chapter4_preprocessing_pipeline_opportunity.png  used on input line 166.
(pdftex.def)             Requested size: 384.10959pt x 336.29033pt.

Underfull \hbox (badness 10000) in paragraph at lines 171--171
|[]\LGR/cmr/bx/n/17.28 Paragwg† Asaf∏n Sunart†sewn
 []

[77 <./images/chapter4_preprocessing_pipeline_opportunity.png>]
Underfull \hbox (badness 2165) in paragraph at lines 207--208
[]\LGR/cmr/bx/n/12 Tmhmatopo–hsh dedomËnwn: \LGR/cmr/m/n/12 Ta dedomËna diairo‘ntai se tm†mata
 []

[78]
Underfull \hbox (badness 1132) in paragraph at lines 209--210
[]\LGR/cmr/bx/n/12 Epexergas–a anà tm†ma: \LGR/cmr/m/n/12 Gia kàje tm†ma $\OML/cmm/m/it/12 C[]$ \LGR/cmr/m/n/12 upolog–zetai merik†
 []


Underfull \hbox (badness 5231) in paragraph at lines 214--215
[]\LGR/cmr/bx/n/12 SunduasmÏc apotelesmàtwn: \LGR/cmr/m/n/12 H telik† sunàrthsh summetoq†c
 []

<images/minimal_per_sensor_flow.png, id=335, 1004.553pt x 281.853pt>
File: images/minimal_per_sensor_flow.png Graphic file (type png)
<use images/minimal_per_sensor_flow.png>
Package pdftex.def Info: images/minimal_per_sensor_flow.png  used on input line 232.
(pdftex.def)             Requested size: 384.10959pt x 107.77187pt.

Underfull \hbox (badness 1424) in paragraph at lines 239--240
\LGR/cmr/m/n/12 pou lambànoun upÏyh th suneq† f‘sh twn tim∏n summetoq†c sto diàsthma
 []

[79]
Underfull \hbox (badness 5533) in paragraph at lines 260--261
[]\LGR/cmr/m/n/12 Metro‘n grammikËc kai mh-grammikËc sqËseic metax‘ twn sunart†sewn
 []

[80 <./images/minimal_per_sensor_flow.png>]
Underfull \hbox (badness 1173) in paragraph at lines 272--273
[][]\OT1/cmr/bx/n/12 Jensen-Shannon Similarity[]\LGR/cmr/m/n/12 : $\OML/cmm/m/it/12 s[] \OT1/cmr/m/n/12 = 1 \OMS/cmsy/m/n/12 ^^@ []$\LGR/cmr/m/n/12 , Ïpou $\OML/cmm/m/it/12 JS \OT1/cmr/m/n/12 =
 []


Underfull \hbox (badness 10000) in paragraph at lines 298--299
[]\LGR/cmr/m/n/12 'Olec oi metrikËc omoiÏthtac axiologo‘ntai se ergas–ec
 []

[81]
Underfull \hbox (badness 1189) in paragraph at lines 313--314
[]\LGR/cmr/m/n/12 'Oloi oi algÏrijmoi ulopoio‘ntai se []\OT1/cmr/m/n/12 Python []\LGR/cmr/m/n/12 qrhsimopoi∏ntac []\OT1/cmr/m/n/12 NumPy []\LGR/cmr/m/n/12 gia
 []

[82]) [83] (./main.bbl [84




]
LaTeX Font Info:    Trying to load font information for OT1+zi4 on input line 10.
 (/usr/local/texlive/2024/texmf-dist/tex/latex/inconsolata/ot1zi4.fd
File: ot1zi4.fd 2018/01/14 OT1/zi4 (Inconsolata)
)
LaTeX Font Info:    Font shape `OT1/zi4/m/n' will be
(Font)              scaled to size 12.0pt on input line 10.

Underfull \hbox (badness 4726) in paragraph at lines 8--12
[]\OT1/cmr/m/n/12 Straw, John.  Dis-rupted elec-tron-ics. The in-ter-net of things may
 []


Underfull \hbox (badness 10000) in paragraph at lines 8--12
\OT1/cmr/m/n/12 cre-ate Moore's law on steroids.  $\OT1/zi4/m/n/12 https : / / disruptionhub . com /
 []


Overfull \hbox (18.49998pt too wide) in paragraph at lines 8--12
\OT1/zi4/m/n/12 disrupted-[]electronics-[]internet-[]things-[]may-[]create-[]moores-[]law-[]steroids$\OT1/cmr/m/n/12 ,
 []


Underfull \hbox (badness 1845) in paragraph at lines 14--18
[]\OT1/cmr/m/n/12 Marginean, Hannelore and Tran, Tuan-Si and Karzel, Daniel.  The
 []

LaTeX Font Info:    Font shape `OT1/zi4/m/n' will be
(Font)              scaled to size 8.0pt on input line 30.
LaTeX Font Info:    Font shape `OT1/zi4/m/n' will be
(Font)              scaled to size 6.0pt on input line 30.
[85{/usr/local/texlive/2024/texmf-dist/fonts/enc/dvips/inconsolata/i4-ot1-0.enc}]
Underfull \hbox (badness 10000) in paragraph at lines 102--106
\OT1/zi4/m/n/12 / / rfidreadernews . com / wp-[]content / uploads / 2017 /
 []

[86] [87]
Underfull \hbox (badness 2460) in paragraph at lines 187--190
[]\OT1/cmr/m/n/12 Bossen, Claus and Christensen, Lars Rune and Gr^^?onvall, Erik and
 []


Underfull \hbox (badness 1226) in paragraph at lines 192--195
\OT1/cmr/m/n/12 Awareness to Strengthen the Family Social Network of Older Adults.
 []

[88]
Underfull \hbox (badness 1874) in paragraph at lines 261--264
[]\OT1/cmr/m/n/12 Adlam, T. and Faulkner, R. and Orpwood, R. and Jones, K. and
 []

[89]
Underfull \hbox (badness 1769) in paragraph at lines 286--289
[]\OT1/cmr/m/n/12 Orpwood, R. and Gibbs, C. and Adlam, T. and Faulkner, R. and
 []


Underfull \hbox (badness 1418) in paragraph at lines 301--304
[]\OT1/cmr/m/n/12 Chernbumroong, S. and Atkins, A. S. and Yu, Hongnian.  Activity
 []

[90]
Underfull \hbox (badness 1072) in paragraph at lines 316--319
\OT1/cmr/m/n/12 for activity recognition on smart watches.  In \OT1/cmr/m/it/12 Proceedings of the 6th
 []

[91] [92] [93]
Underfull \hbox (badness 1418) in paragraph at lines 461--465
[]\OT1/cmr/m/n/12 Kompa^^?^^P Robotics.  Kompai Robots.  $\OT1/zi4/m/n/12 https : / / www . kompai . com$\OT1/cmr/m/n/12 , 2017.
 []

[94] [95]
Underfull \hbox (badness 1509) in paragraph at lines 562--565
[]\OT1/cmr/m/n/12 Piau, Antoine and Campo, E. and Rumeau, P. and Vellas, B. and
 []

[96]
Underfull \hbox (badness 1735) in paragraph at lines 607--610
[]\OT1/cmr/m/n/12 Chavarriaga, Ricardo and Sagha, Hesam and Calatroni, Alberto and
 []

[97]) [98] (./main.aux (./chapters/abstract.aux) (./chapters/chapter1.aux) (./chapters/chapter2.aux) (./chapters/chapter3.aux) (./chapters/chapter4.aux) (./chapters/chapter5.aux))
 ***********
LaTeX2e <2023-11-01> patch level 1
L3 programming layer <2024-02-20>
 ***********
 ) 
Here is how much of TeX's memory you used:
 11982 strings out of 474116
 204230 string characters out of 5743683
 1943187 words of memory out of 5000000
 34019 multiletter control sequences out of 15000+600000
 590807 words of font info for 112 fonts, out of 8000000 for 9000
 1143 hyphenation exceptions out of 8191
 87i,20n,131p,1066b,633s stack positions out of 10000i,1000n,20000p,200000b,200000s
</usr/local/texlive/2024/texmf-dist/fonts/type1/public/inconsolata/Inconsolata-zi4r.pfb></usr/local/texlive/2024/texmf-dist/fonts/type1/public/amsfonts/cm/cmbx12.pfb></usr/local/texlive/2024/texmf-dist/fonts/type1/public/amsfonts/cm/cmbxti10.pfb></usr/local/texlive/2024/texmf-dist/fonts/type1/public/amsfonts/cm/cmex10.pfb></usr/local/texlive/2024/texmf-dist/fonts/type1/public/amsfonts/cmextra/cmex8.pfb></usr/local/texlive/2024/texmf-dist/fonts/type1/public/amsfonts/cm/cmmi10.pfb></usr/local/texlive/2024/texmf-dist/fonts/type1/public/amsfonts/cm/cmmi12.pfb></usr/local/texlive/2024/texmf-dist/fonts/type1/public/amsfonts/cm/cmmi6.pfb></usr/local/texlive/2024/texmf-dist/fonts/type1/public/amsfonts/cm/cmmi8.pfb></usr/local/texlive/2024/texmf-dist/fonts/type1/public/amsfonts/cm/cmr10.pfb></usr/local/texlive/2024/texmf-dist/fonts/type1/public/amsfonts/cm/cmr12.pfb></usr/local/texlive/2024/texmf-dist/fonts/type1/public/amsfonts/cm/cmr6.pfb></usr/local/texlive/2024/texmf-dist/fonts/type1/public/amsfonts/cm/cmr8.pfb></usr/local/texlive/2024/texmf-dist/fonts/type1/public/amsfonts/cm/cmsl12.pfb></usr/local/texlive/2024/texmf-dist/fonts/type1/public/amsfonts/cm/cmsy10.pfb></usr/local/texlive/2024/texmf-dist/fonts/type1/public/amsfonts/cm/cmsy6.pfb></usr/local/texlive/2024/texmf-dist/fonts/type1/public/amsfonts/cm/cmsy8.pfb></usr/local/texlive/2024/texmf-dist/fonts/type1/public/amsfonts/cm/cmti12.pfb></usr/local/texlive/2024/texmf-dist/fonts/type1/public/cbfonts/grmc1200.pfb></usr/local/texlive/2024/texmf-dist/fonts/type1/public/cbfonts/grmc1440.pfb></usr/local/texlive/2024/texmf-dist/fonts/type1/public/cbfonts/grmc2488.pfb></usr/local/texlive/2024/texmf-dist/fonts/type1/public/cbfonts/grmi1200.pfb></usr/local/texlive/2024/texmf-dist/fonts/type1/public/cbfonts/grmn0800.pfb></usr/local/texlive/2024/texmf-dist/fonts/type1/public/cbfonts/grmn1000.pfb></usr/local/texlive/2024/texmf-dist/fonts/type1/public/cbfonts/grmn1095.pfb></usr/local/texlive/2024/texmf-dist/fonts/type1/public/cbfonts/grmn1200.pfb></usr/local/texlive/2024/texmf-dist/fonts/type1/public/cbfonts/grmn1440.pfb></usr/local/texlive/2024/texmf-dist/fonts/type1/public/cbfonts/grmo1200.pfb></usr/local/texlive/2024/texmf-dist/fonts/type1/public/cbfonts/grxc1440.pfb></usr/local/texlive/2024/texmf-dist/fonts/type1/public/cbfonts/grxi1200.pfb></usr/local/texlive/2024/texmf-dist/fonts/type1/public/cbfonts/grxn1200.pfb></usr/local/texlive/2024/texmf-dist/fonts/type1/public/cbfonts/grxn1440.pfb></usr/local/texlive/2024/texmf-dist/fonts/type1/public/cbfonts/grxn1728.pfb></usr/local/texlive/2024/texmf-dist/fonts/type1/public/cbfonts/grxn2074.pfb></usr/local/texlive/2024/texmf-dist/fonts/type1/public/cbfonts/grxn2488.pfb></usr/local/texlive/2024/texmf-dist/fonts/type1/public/amsfonts/symbols/msbm10.pfb></usr/local/texlive/2024/texmf-dist/fonts/type1/public/cm-super/sfrm1200.pfb></usr/local/texlive/2024/texmf-dist/fonts/type1/public/cm-super/sfrm1440.pfb>
Output written on main.pdf (104 pages, 3221440 bytes).
PDF statistics:
 564 PDF objects out of 1000 (max. 8388607)
 349 compressed objects within 4 object streams
 0 named destinations out of 1000 (max. 500000)
 106 words of extra memory for PDF output out of 10000 (max. 10000000)

